H:\HOMEDISK\BOOKS\CODES\OPENCV\OPENCV_LINES_DETECTION\X64\DEBUG\DETECT_COLOR.OBJ
H:\HOMEDISK\BOOKS\CODES\OPENCV\OPENCV_LINES_DETECTION\X64\DEBUG\MAIN.OBJ
H:\HOMEDISK\BOOKS\CODES\OPENCV\OPENCV_LINES_DETECTION\X64\DEBUG\VIDEOWRITER.OBJ
H:\HOMEDISK\BOOKS\CODES\OPENCV\OPENCV_LINES_DETECTION\X64\DEBUG\VC110.PDB
H:\HOMEDISK\BOOKS\CODES\OPENCV\OPENCV_LINES_DETECTION\X64\DEBUG\OPENCV.ILK
H:\HOMEDISK\BOOKS\CODES\OPENCV\OPENCV_LINES_DETECTION\X64\DEBUG\OPENCV.EXE
H:\HOMEDISK\BOOKS\CODES\OPENCV\OPENCV_LINES_DETECTION\X64\DEBUG\OPENCV.PDB
H:\HOMEdisk\Books\Codes\OpenCV\OpenCV_Lines_detection\x64\Debug\Detect_color.obj
H:\HOMEdisk\Books\Codes\OpenCV\OpenCV_Lines_detection\x64\Debug\main.obj
H:\HOMEdisk\Books\Codes\OpenCV\OpenCV_Lines_detection\x64\Debug\VideoWriter.obj
H:\HOMEdisk\Books\Codes\OpenCV\OpenCV_Lines_detection\x64\Debug\OpenCV.ilk
H:\HOMEdisk\Books\Codes\OpenCV\OpenCV_Lines_detection\x64\Debug\cl.command.1.tlog
H:\HOMEdisk\Books\Codes\OpenCV\OpenCV_Lines_detection\x64\Debug\CL.read.1.tlog
H:\HOMEdisk\Books\Codes\OpenCV\OpenCV_Lines_detection\x64\Debug\CL.write.1.tlog
H:\HOMEdisk\Books\Codes\OpenCV\OpenCV_Lines_detection\x64\Debug\link-cvtres.read.1.tlog
H:\HOMEdisk\Books\Codes\OpenCV\OpenCV_Lines_detection\x64\Debug\link-cvtres.write.1.tlog
H:\HOMEdisk\Books\Codes\OpenCV\OpenCV_Lines_detection\x64\Debug\link-rc.read.1.tlog
H:\HOMEdisk\Books\Codes\OpenCV\OpenCV_Lines_detection\x64\Debug\link-rc.write.1.tlog
H:\HOMEdisk\Books\Codes\OpenCV\OpenCV_Lines_detection\x64\Debug\link.command.1.tlog
H:\HOMEdisk\Books\Codes\OpenCV\OpenCV_Lines_detection\x64\Debug\link.read.1.tlog
H:\HOMEdisk\Books\Codes\OpenCV\OpenCV_Lines_detection\x64\Debug\link.write.1.tlog
H:\HOMEdisk\Books\Codes\OpenCV\OpenCV_Lines_detection\x64\Debug\vc110.idb
H:\HOMEdisk\Books\Codes\OpenCV\OpenCV_Lines_detection\x64\Debug\OpenCV.pdb
H:\HOMEdisk\Books\Codes\OpenCV\OpenCV_Lines_detection\x64\Debug\vc110.pdb
H:\HOMEdisk\Books\Codes\OpenCV\OpenCV_Lines_detection\x64\Debug\OpenCV.exe
