<<<<<<< HEAD
h:\homedisk\books\codes\opencv\opencv_lines_removal_tool\opencv_lines_removal_tool\opencv_lines_removal_tool\x64\debug\vc120.pdb
h:\homedisk\books\codes\opencv\opencv_lines_removal_tool\opencv_lines_removal_tool\opencv_lines_removal_tool\x64\debug\vc120.idb
h:\homedisk\books\codes\opencv\opencv_lines_removal_tool\opencv_lines_removal_tool\opencv_lines_removal_tool\x64\debug\vc140.pdb
h:\homedisk\books\codes\opencv\opencv_lines_removal_tool\opencv_lines_removal_tool\opencv_lines_removal_tool\x64\debug\vc140.idb
h:\homedisk\books\codes\opencv\opencv_lines_removal_tool\opencv_lines_removal_tool\opencv_lines_removal_tool\x64\debug\opencv_lines_removal_tool.ilk
h:\homedisk\books\codes\opencv\opencv_lines_removal_tool\opencv_lines_removal_tool\opencv_lines_removal_tool\x64\debug\opencv_lines_removal_tool.exe
h:\homedisk\books\codes\opencv\opencv_lines_removal_tool\opencv_lines_removal_tool\opencv_lines_removal_tool\x64\debug\opencv_lines_removal_tool.pdb
h:\homedisk\books\codes\opencv\opencv_lines_removal_tool\opencv_lines_removal_tool\opencv_lines_removal_tool\x64\debug\opencv_l.a700c0cd.tlog\cl.command.1.tlog
h:\homedisk\books\codes\opencv\opencv_lines_removal_tool\opencv_lines_removal_tool\opencv_lines_removal_tool\x64\debug\opencv_l.a700c0cd.tlog\cl.read.1.tlog
h:\homedisk\books\codes\opencv\opencv_lines_removal_tool\opencv_lines_removal_tool\opencv_lines_removal_tool\x64\debug\opencv_l.a700c0cd.tlog\cl.write.1.tlog
h:\homedisk\books\codes\opencv\opencv_lines_removal_tool\opencv_lines_removal_tool\opencv_lines_removal_tool\x64\debug\opencv_l.a700c0cd.tlog\link.command.1.tlog
h:\homedisk\books\codes\opencv\opencv_lines_removal_tool\opencv_lines_removal_tool\opencv_lines_removal_tool\x64\debug\opencv_l.a700c0cd.tlog\link.read.1.tlog
h:\homedisk\books\codes\opencv\opencv_lines_removal_tool\opencv_lines_removal_tool\opencv_lines_removal_tool\x64\debug\opencv_l.a700c0cd.tlog\link.write.1.tlog
=======
d:\books\codes\opencv\git\opencv_lines_removal_tool\opencv_lines_removal_tool\x64\debug\vc120.pdb
d:\books\codes\opencv\git\opencv_lines_removal_tool\opencv_lines_removal_tool\x64\debug\vc120.idb
d:\books\codes\opencv\git\opencv_lines_removal_tool\opencv_lines_removal_tool\x64\debug\main.obj
d:\books\codes\opencv\git\opencv_lines_removal_tool\opencv_lines_removal_tool\x64\debug\vc140.idb
d:\books\codes\opencv\git\opencv_lines_removal_tool\opencv_lines_removal_tool\x64\debug\opencv_lines_removal_tool.pdb
d:\books\codes\opencv\git\opencv_lines_removal_tool\opencv_lines_removal_tool\x64\debug\vc140.pdb
d:\books\codes\opencv\git\opencv_lines_removal_tool\opencv_lines_removal_tool\x64\debug\opencv_l.a700c0cd.tlog\cl.command.1.tlog
d:\books\codes\opencv\git\opencv_lines_removal_tool\opencv_lines_removal_tool\x64\debug\opencv_l.a700c0cd.tlog\cl.read.1.tlog
d:\books\codes\opencv\git\opencv_lines_removal_tool\opencv_lines_removal_tool\x64\debug\opencv_l.a700c0cd.tlog\cl.write.1.tlog
d:\books\codes\opencv\git\opencv_lines_removal_tool\opencv_lines_removal_tool\x64\debug\opencv_l.a700c0cd.tlog\link.command.1.tlog
d:\books\codes\opencv\git\opencv_lines_removal_tool\opencv_lines_removal_tool\x64\debug\opencv_l.a700c0cd.tlog\link.read.1.tlog
d:\books\codes\opencv\git\opencv_lines_removal_tool\opencv_lines_removal_tool\x64\debug\opencv_l.a700c0cd.tlog\link.write.1.tlog
>>>>>>> f06b2349c6492b2e7dbdaeb87c2a4029ea586194
